<?xml version="1.0" encoding="UTF-8"?>
<!-- Generated by org.testng.reporters.JUnitReportReporter -->
<testsuite skipped="0" hostname="ip-172-31-73-65" name="test.shoppingpage" tests="1" failures="0" timestamp="2021-06-27T06:21:40 UTC" time="2.867" errors="0">
  <testcase name="testcase1" time="2.867" classname="test.shoppingpage"/>
  <system-out/>
</testsuite> <!-- test.shoppingpage -->
